[debug] [2023-12-12T09:35:18.613Z] ----------------------------------------------------------------------
[debug] [2023-12-12T09:35:18.617Z] Command:       C:\Program Files\nodejs\node.exe C:\Users\Lenovo\AppData\Roaming\npm\node_modules\firebase-tools\lib\bin\firebase.js deploy
[debug] [2023-12-12T09:35:18.617Z] CLI Version:   12.9.1
[debug] [2023-12-12T09:35:18.618Z] Platform:      win32
[debug] [2023-12-12T09:35:18.618Z] Node Version:  v18.12.0
[debug] [2023-12-12T09:35:18.631Z] Time:          Tue Dec 12 2023 01:35:18 GMT-0800 (Pacific Standard Time)
[debug] [2023-12-12T09:35:18.631Z] ----------------------------------------------------------------------
[debug] 
[debug] [2023-12-12T09:35:18.638Z] >>> [apiv2][query] GET https://firebase-public.firebaseio.com/cli.json [none]
[debug] [2023-12-12T09:35:18.926Z] > command requires scopes: ["email","openid","https://www.googleapis.com/auth/cloudplatformprojects.readonly","https://www.googleapis.com/auth/firebase","https://www.googleapis.com/auth/cloud-platform"]
[debug] [2023-12-12T09:35:18.927Z] > authorizing via signed-in user (anujkumarchoudhary6699@gmail.com)
[debug] [2023-12-12T09:35:18.927Z] [iam] checking project hrms-2f871 for permissions ["firebase.projects.get","firebasehosting.sites.update"]
[debug] [2023-12-12T09:35:18.929Z] > refreshing access token with scopes: []
[debug] [2023-12-12T09:35:18.931Z] >>> [apiv2][query] POST https://www.googleapis.com/oauth2/v3/token [none]
[debug] [2023-12-12T09:35:18.931Z] >>> [apiv2][body] POST https://www.googleapis.com/oauth2/v3/token [omitted]
[debug] [2023-12-12T09:35:19.344Z] <<< [apiv2][status] POST https://www.googleapis.com/oauth2/v3/token 200
[debug] [2023-12-12T09:35:19.345Z] <<< [apiv2][body] POST https://www.googleapis.com/oauth2/v3/token [omitted]
[debug] [2023-12-12T09:35:19.373Z] >>> [apiv2][query] POST https://cloudresourcemanager.googleapis.com/v1/projects/hrms-2f871:testIamPermissions [none]
[debug] [2023-12-12T09:35:19.374Z] >>> [apiv2][(partial)header] POST https://cloudresourcemanager.googleapis.com/v1/projects/hrms-2f871:testIamPermissions x-goog-quota-user=projects/hrms-2f871
[debug] [2023-12-12T09:35:19.375Z] >>> [apiv2][body] POST https://cloudresourcemanager.googleapis.com/v1/projects/hrms-2f871:testIamPermissions {"permissions":["firebase.projects.get","firebasehosting.sites.update"]}
[debug] [2023-12-12T09:35:19.697Z] <<< [apiv2][status] GET https://firebase-public.firebaseio.com/cli.json 200
[debug] [2023-12-12T09:35:19.697Z] <<< [apiv2][body] GET https://firebase-public.firebaseio.com/cli.json {"cloudBuildErrorAfter":1594252800000,"cloudBuildWarnAfter":1590019200000,"defaultNode10After":1594252800000,"minVersion":"3.0.5","node8DeploysDisabledAfter":1613390400000,"node8RuntimeDisabledAfter":1615809600000,"node8WarnAfter":1600128000000}
[debug] [2023-12-12T09:35:21.038Z] <<< [apiv2][status] POST https://cloudresourcemanager.googleapis.com/v1/projects/hrms-2f871:testIamPermissions 200
[debug] [2023-12-12T09:35:21.039Z] <<< [apiv2][body] POST https://cloudresourcemanager.googleapis.com/v1/projects/hrms-2f871:testIamPermissions {"permissions":["firebase.projects.get","firebasehosting.sites.update"]}
[debug] [2023-12-12T09:35:21.046Z] >>> [apiv2][query] GET https://firebase.googleapis.com/v1beta1/projects/hrms-2f871 [none]
[debug] [2023-12-12T09:35:21.852Z] <<< [apiv2][status] GET https://firebase.googleapis.com/v1beta1/projects/hrms-2f871 200
[debug] [2023-12-12T09:35:21.853Z] <<< [apiv2][body] GET https://firebase.googleapis.com/v1beta1/projects/hrms-2f871 {"projectId":"hrms-2f871","projectNumber":"826791234575","displayName":"HRMS","name":"projects/hrms-2f871","resources":{"hostingSite":"hrms-2f871"},"state":"ACTIVE","etag":"1_d2d91cb7-dc7a-4818-83af-46f0cb8c8645"}
[info] 
[info] === Deploying to 'hrms-2f871'...
[info] 
[info] i  deploying hosting 
[debug] [2023-12-12T09:35:21.890Z] >>> [apiv2][query] POST https://firebasehosting.googleapis.com/v1beta1/projects/-/sites/hrms-2f871/versions [none]
[debug] [2023-12-12T09:35:21.891Z] >>> [apiv2][body] POST https://firebasehosting.googleapis.com/v1beta1/projects/-/sites/hrms-2f871/versions {"status":"CREATED","labels":{"deployment-tool":"cli-firebase"}}
[debug] [2023-12-12T09:35:23.491Z] <<< [apiv2][status] POST https://firebasehosting.googleapis.com/v1beta1/projects/-/sites/hrms-2f871/versions 200
